{
  "RSpec": {
    "coverage": {
      "/Users/rbatta/Documents/OpenSource/hw4_rottenpotatoes/app/controllers/application_controller.rb": [
        1,
        1,
        null
      ],
      "/Users/rbatta/Documents/OpenSource/hw4_rottenpotatoes/app/helpers/application_helper.rb": [
        1,
        null
      ],
      "/Users/rbatta/Documents/OpenSource/hw4_rottenpotatoes/app/helpers/movies_helper.rb": [
        1,
        null,
        1,
        0,
        null,
        null
      ],
      "/Users/rbatta/Documents/OpenSource/hw4_rottenpotatoes/app/controllers/movies_controller.rb": [
        1,
        null,
        1,
        1,
        1,
        null,
        null,
        null,
        1,
        4,
        4,
        null,
        1,
        null,
        1,
        null,
        4,
        4,
        null,
        4,
        6,
        null,
        null,
        4,
        2,
        2,
        2,
        null,
        null,
        2,
        1,
        1,
        1,
        1,
        null,
        1,
        null,
        null,
        1,
        null,
        null,
        null,
        1,
        1,
        1,
        1,
        null,
        null,
        1,
        1,
        null,
        null,
        1,
        null,
        3,
        3,
        3,
        3,
        null,
        null,
        1,
        1,
        1,
        1,
        1,
        null,
        null,
        1,
        null,
        null,
        4,
        4,
        1,
        1,
        null,
        3,
        null,
        null,
        null,
        null,
        null
      ],
      "/Users/rbatta/Documents/OpenSource/hw4_rottenpotatoes/app/models/movie.rb": [
        1,
        1,
        5,
        null,
        null,
        1,
        2,
        2,
        null,
        null
      ]
    },
    "timestamp": 1397082433
  }
}
